This is pdfTeX, Version 3.14159265-2.6-1.40.19 (TeX Live 2018/W32TeX) (preloaded format=pdflatex 2018.9.10)  23 SEP 2018 20:37
entering extended mode
 restricted \write18 enabled.
 %&-line parsing enabled.
**2_diode_H_bridge_BB.tex
(./2_diode_H_bridge_BB.tex
LaTeX2e <2018-04-01> patch level 5
(c:/texlive/2018/texmf-dist/tex/latex/base/report.cls
Document Class: report 2014/09/29 v1.4h Standard LaTeX document class
(c:/texlive/2018/texmf-dist/tex/latex/base/size11.clo
File: size11.clo 2014/09/29 v1.4h Standard LaTeX file (size option)
)
\c@part=\count80
\c@chapter=\count81
\c@section=\count82
\c@subsection=\count83
\c@subsubsection=\count84
\c@paragraph=\count85
\c@subparagraph=\count86
\c@figure=\count87
\c@table=\count88
\abovecaptionskip=\skip41
\belowcaptionskip=\skip42
\bibindent=\dimen102
)
(c:/texlive/2018/texmf-dist/tex/latex/graphics/graphicx.sty
Package: graphicx 2017/06/01 v1.1a Enhanced LaTeX Graphics (DPC,SPQR)

(c:/texlive/2018/texmf-dist/tex/latex/graphics/keyval.sty
Package: keyval 2014/10/28 v1.15 key=value parser (DPC)
\KV@toks@=\toks14
)
(c:/texlive/2018/texmf-dist/tex/latex/graphics/graphics.sty
Package: graphics 2017/06/25 v1.2c Standard LaTeX Graphics (DPC,SPQR)

(c:/texlive/2018/texmf-dist/tex/latex/graphics/trig.sty
Package: trig 2016/01/03 v1.10 sin cos tan (DPC)
)
(c:/texlive/2018/texmf-dist/tex/latex/graphics-cfg/graphics.cfg
File: graphics.cfg 2016/06/04 v1.11 sample graphics configuration
)
Package graphics Info: Driver file: pdftex.def on input line 99.

(c:/texlive/2018/texmf-dist/tex/latex/graphics-def/pdftex.def
File: pdftex.def 2018/01/08 v1.0l Graphics/color driver for pdftex
))
\Gin@req@height=\dimen103
\Gin@req@width=\dimen104
)
(./2_diode_H_bridge_BB.aux)
\openout1 = `2_diode_H_bridge_BB.aux'.

LaTeX Font Info:    Checking defaults for OML/cmm/m/it on input line 5.
LaTeX Font Info:    ... okay on input line 5.
LaTeX Font Info:    Checking defaults for T1/cmr/m/n on input line 5.
LaTeX Font Info:    ... okay on input line 5.
LaTeX Font Info:    Checking defaults for OT1/cmr/m/n on input line 5.
LaTeX Font Info:    ... okay on input line 5.
LaTeX Font Info:    Checking defaults for OMS/cmsy/m/n on input line 5.
LaTeX Font Info:    ... okay on input line 5.
LaTeX Font Info:    Checking defaults for OMX/cmex/m/n on input line 5.
LaTeX Font Info:    ... okay on input line 5.
LaTeX Font Info:    Checking defaults for U/cmr/m/n on input line 5.
LaTeX Font Info:    ... okay on input line 5.

(c:/texlive/2018/texmf-dist/tex/context/base/mkii/supp-pdf.mkii
[Loading MPS to PDF converter (version 2006.09.02).]
\scratchcounter=\count89
\scratchdimen=\dimen105
\scratchbox=\box26
\nofMPsegments=\count90
\nofMParguments=\count91
\everyMPshowfont=\toks15
\MPscratchCnt=\count92
\MPscratchDim=\dimen106
\MPnumerator=\count93
\makeMPintoPDFobject=\count94
\everyMPtoPDFconversion=\toks16
) (c:/texlive/2018/texmf-dist/tex/latex/oberdiek/epstopdf-base.sty
Package: epstopdf-base 2016/05/15 v2.6 Base part for package epstopdf

(c:/texlive/2018/texmf-dist/tex/generic/oberdiek/infwarerr.sty
Package: infwarerr 2016/05/16 v1.4 Providing info/warning/error messages (HO)
)
(c:/texlive/2018/texmf-dist/tex/latex/oberdiek/grfext.sty
Package: grfext 2016/05/16 v1.2 Manage graphics extensions (HO)

(c:/texlive/2018/texmf-dist/tex/generic/oberdiek/kvdefinekeys.sty
Package: kvdefinekeys 2016/05/16 v1.4 Define keys (HO)

(c:/texlive/2018/texmf-dist/tex/generic/oberdiek/ltxcmds.sty
Package: ltxcmds 2016/05/16 v1.23 LaTeX kernel commands for general use (HO)
)))
(c:/texlive/2018/texmf-dist/tex/latex/oberdiek/kvoptions.sty
Package: kvoptions 2016/05/16 v3.12 Key value format for package options (HO)

(c:/texlive/2018/texmf-dist/tex/generic/oberdiek/kvsetkeys.sty
Package: kvsetkeys 2016/05/16 v1.17 Key value parser (HO)

(c:/texlive/2018/texmf-dist/tex/generic/oberdiek/etexcmds.sty
Package: etexcmds 2016/05/16 v1.6 Avoid name clashes with e-TeX commands (HO)

(c:/texlive/2018/texmf-dist/tex/generic/oberdiek/ifluatex.sty
Package: ifluatex 2016/05/16 v1.4 Provides the ifluatex switch (HO)
Package ifluatex Info: LuaTeX not detected.
)
Package etexcmds Info: Could not find \expanded.
(etexcmds)             That can mean that you are not using pdfTeX 1.50 or
(etexcmds)             that some package has redefined \expanded.
(etexcmds)             In the latter case, load this package earlier.
)))
(c:/texlive/2018/texmf-dist/tex/generic/oberdiek/pdftexcmds.sty
Package: pdftexcmds 2018/09/07 v0.28 Utility functions of pdfTeX for LuaTeX (HO
)

(c:/texlive/2018/texmf-dist/tex/generic/oberdiek/ifpdf.sty
Package: ifpdf 2018/09/07 v3.3 Provides the ifpdf switch
)
Package pdftexcmds Info: LuaTeX not detected.
Package pdftexcmds Info: \pdf@primitive is available.
Package pdftexcmds Info: \pdf@ifprimitive is available.
Package pdftexcmds Info: \pdfdraftmode found.
)
Package epstopdf-base Info: Redefining graphics rule for `.eps' on input line 4
38.
Package grfext Info: Graphics extension search list:
(grfext)             [.pdf,.png,.jpg,.mps,.jpeg,.jbig2,.jb2,.PDF,.PNG,.JPG,.JPE
G,.JBIG2,.JB2,.eps]
(grfext)             \AppendGraphicsExtensions on input line 456.

(c:/texlive/2018/texmf-dist/tex/latex/latexconfig/epstopdf-sys.cfg
File: epstopdf-sys.cfg 2010/07/13 v1.3 Configuration of (r)epstopdf for TeX Liv
e
)) [1

{c:/texlive/2018/texmf-var/fonts/map/pdftex/updmap/pdftex.map}]
Chapter 1.
<2_d_H_B_BB.png, id=7, 827.09pt x 339.76938pt>
File: 2_d_H_B_BB.png Graphic file (type png)
<use 2_d_H_B_BB.png>
Package pdftex.def Info: 2_d_H_B_BB.png  used on input line 14.
(pdftex.def)             Requested size: 251.9989pt x 103.51804pt.
LaTeX Font Info:    External font `cmex10' loaded for size
(Font)              <10.95> on input line 21.
LaTeX Font Info:    External font `cmex10' loaded for size
(Font)              <8> on input line 21.
LaTeX Font Info:    External font `cmex10' loaded for size
(Font)              <6> on input line 21.
[2

 <./2_d_H_B_BB.PNG>]
<BID_H_B_BB.png, id=17, 635.87563pt x 253.44687pt>
File: BID_H_B_BB.png Graphic file (type png)
<use BID_H_B_BB.png>
Package pdftex.def Info: BID_H_B_BB.png  used on input line 50.
(pdftex.def)             Requested size: 251.9989pt x 100.44106pt.
 [3 <./BID_H_B_BB.PNG>] (./2_diode_H_bridge_BB.aux) ) 
Here is how much of TeX's memory you used:
 1465 strings out of 492641
 20932 string characters out of 6133116
 83878 words of memory out of 5000000
 5360 multiletter control sequences out of 15000+600000
 8205 words of font info for 29 fonts, out of 8000000 for 9000
 1141 hyphenation exceptions out of 8191
 41i,5n,25p,471b,295s stack positions out of 5000i,500n,10000p,200000b,80000s
<c:/texlive/2018/texmf-dis
t/fonts/type1/public/amsfonts/cm/cmbx10.pfb><c:/texlive/2018/texmf-dist/fonts/t
ype1/public/amsfonts/cm/cmbx12.pfb><c:/texlive/2018/texmf-dist/fonts/type1/publ
ic/amsfonts/cm/cmmi10.pfb><c:/texlive/2018/texmf-dist/fonts/type1/public/amsfon
ts/cm/cmr10.pfb><c:/texlive/2018/texmf-dist/fonts/type1/public/amsfonts/cm/cmr8
.pfb><c:/texlive/2018/texmf-dist/fonts/type1/public/amsfonts/cm/cmsy10.pfb><c:/
texlive/2018/texmf-dist/fonts/type1/public/amsfonts/cm/cmsy8.pfb>
Output written on 2_diode_H_bridge_BB.pdf (3 pages, 230969 bytes).
PDF statistics:
 47 PDF objects out of 1000 (max. 8388607)
 30 compressed objects within 1 object stream
 0 named destinations out of 1000 (max. 500000)
 11 words of extra memory for PDF output out of 10000 (max. 10000000)

